Anything printed here will end up in the output directory for job #0
{'decay_c': [0.0001], 'patience': [10], 'n_layers_init': [1], 'dim_out': [1024], 'max_epochs': [100], 'dispFreq': [5], 'validFreq': [100], 'temperature_inverse': [1], 'reload': [False], 'n_layers_att': [1], 'fps': [30], 'ctx_dim': [1024], 'valid_batch_size': [50], 'n_actions': [11], 'training_stride': [10], 'optimizer': ['adam'], 'alpha_c': [0.0], 'dictionary': [None], 'learning_rate': [0.001], 'batch_size': [50], 'selector': [False], 'last_n': [20], 'dataset': ['ucf11'], 'ctx2out': [True], 'dim': [1024], 'use_dropout': [True], 'testing_stride': [10], 'n_layers_out': [1], 'maxlen': [20], 'model': ['model_ucf11.npz'], 'saveFreq': [100]}
-----
Booting up all data handlers
Dataset size 3274
Dataset size 3274
Dataset size 1426
Dataset size 1426
Data handlers ready
-----
Building model
Optimization
Epoch  0
Original Cost  528.05734375
Epoch  0 Update  5 Cost  430.565234375 PD  0.269767045975 UD  25.7537820339
Epoch  0 Update  10 Cost  306.426367187 PD  0.275143146515 UD  25.8855690956
Epoch  0 Update  15 Cost  117.024121094 PD  0.271936893463 UD  25.8696160316
Epoch  0 Update  20 Cost  132.135439453 PD  0.274012088776 UD  25.8548808098
Epoch  0 Update  25 Cost  74.0674609375 PD  0.275543928146 UD  25.8641009331
Epoch  0 Update  30 Cost  61.8326513672 PD  0.270085096359 UD  25.8420729637
Epoch  0 Update  35 Cost  48.2646533203 PD  0.269043922424 UD  25.8537528515
Epoch  0 Update  40 Cost  32.9030419922 PD  0.269595861435 UD  25.8715529442
Epoch  0 Update  45 Cost  49.6950195312 PD  0.273130893707 UD  25.8835368156
Epoch  0 Update  50 Cost  21.0852905273 PD  0.26980805397 UD  25.8551909924
Epoch  0 Update  55 Cost  50.5959863281 PD  0.274176836014 UD  25.8697059155
Epoch  0 Update  60 Cost  32.3577709961 PD  0.273555040359 UD  25.8584830761
Epoch  0 Update  65 Cost  8.60071044922 PD  0.271635055542 UD  25.810792923
Seen 3274 training examples
Computing predictions (This will take a while. Set the verbose flag if you want to see the progress)
Accuracy: Train 0 Valid 0.785433070866 Test 0
Saving... Done
Epoch  1
Epoch  1 Update  70 Cost  48.5514697266 PD  0.270507097244 UD  25.7163851261
Epoch  1 Update  75 Cost  8.74140563965 PD  0.274273872375 UD  25.7590048313
Epoch  1 Update  80 Cost  19.8969799805 PD  0.272638082504 UD  25.7604789734
Epoch  1 Update  85 Cost  20.7544018555 PD  0.273754119873 UD  25.7758030891
Epoch  1 Update  90 Cost  12.8243640137 PD  0.282332897186 UD  25.7424001694
Epoch  1 Update  95 Cost  4.80969787598 PD  0.275599002838 UD  25.745267868
Epoch  1 Update  100 Cost  10.3433728027 PD  0.274989128113 UD  25.735268116
Epoch  1 Update  105 Cost  3.92119415283 PD  0.279677867889 UD  25.740350008
Epoch  1 Update  110 Cost  9.52523376465 PD  0.273606061935 UD  25.7191150188
Epoch  1 Update  115 Cost  2.81416473389 PD  0.274471998215 UD  25.7193589211
Epoch  1 Update  120 Cost  2.39184753418 PD  0.274479150772 UD  25.740470171
Epoch  1 Update  125 Cost  3.08752868652 PD  0.276377916336 UD  25.7177951336
Epoch  1 Update  130 Cost  8.84527526855 PD  0.276103019714 UD  25.7451190948
Seen 3274 training examples
Computing predictions (This will take a while. Set the verbose flag if you want to see the progress)
Accuracy: Train 0 Valid 0.826771653543 Test 0
Saving... Done
Epoch  2
Epoch  2 Update  135 Cost  8.49551086426 PD  0.272044897079 UD  25.7632269859
Epoch  2 Update  140 Cost  3.02723693848 PD  0.272107124329 UD  25.7504849434
Epoch  2 Update  145 Cost  5.10073150635 PD  0.272006034851 UD  25.7521438599
Epoch  2 Update  150 Cost  6.06662902832 PD  0.276376008987 UD  25.7294371128
Epoch  2 Update  155 Cost  9.12361999512 PD  0.275407075882 UD  25.7497839928
Epoch  2 Update  160 Cost  9.19990722656 PD  0.272884130478 UD  25.764425993
Epoch  2 Update  165 Cost  1.5385710144 PD  0.278064966202 UD  25.7498168945
Epoch  2 Update  170 Cost  1.1677571106 PD  0.273423910141 UD  25.763076067
Epoch  2 Update  175 Cost  4.11573699951 PD  0.277686834335 UD  25.7252650261
Epoch  2 Update  180 Cost  2.08498687744 PD  0.274388074875 UD  25.7440850735
Epoch  2 Update  185 Cost  2.78331298828 PD  0.276208877563 UD  25.7787110806
Epoch  2 Update  190 Cost  1.27887565613 PD  0.283670902252 UD  25.9379520416
Epoch  2 Update  195 Cost  4.54660675049 PD  0.17822098732 UD  25.8370919228
Seen 3274 training examples
Computing predictions (This will take a while. Set the verbose flag if you want to see the progress)
Accuracy: Train 0 Valid 0.811023622047 Test 0
bad_count: 1
Saving... Done
Epoch  3
Epoch  3 Update  200 Cost  2.8381854248 PD  0.269453048706 UD  25.8681790829
Epoch  3 Update  205 Cost  1.41689712524 PD  0.274136066437 UD  25.8538820744
Epoch  3 Update  210 Cost  1.80624206543 PD  0.272943973541 UD  25.9935081005
Epoch  3 Update  215 Cost  1.19101676941 PD  0.269208192825 UD  25.9752399921
Epoch  3 Update  220 Cost  0.978698730469 PD  0.278048038483 UD  26.0325481892
Epoch  3 Update  225 Cost  1.10717506409 PD  0.275606870651 UD  25.7977950573
Epoch  3 Update  230 Cost  1.23053039551 PD  0.273037910461 UD  25.9159619808
Epoch  3 Update  235 Cost  7.86304443359 PD  0.27151799202 UD  25.8401880264
Epoch  3 Update  240 Cost  8.04132385254 PD  0.277017116547 UD  25.9249651432
Epoch  3 Update  245 Cost  0.958040008545 PD  0.277812004089 UD  25.9740049839
Epoch  3 Update  250 Cost  1.0900025177 PD  0.273089885712 UD  25.9291148186
Epoch  3 Update  255 Cost  6.62176025391 PD  0.280392885208 UD  25.9575209618
Epoch  3 Update  260 Cost  0.91572845459 PD  0.275712013245 UD  25.9437839985
Seen 3274 training examples
Computing predictions (This will take a while. Set the verbose flag if you want to see the progress)
Accuracy: Train 0 Valid 0.834645669291 Test 0
Saving... Done
Epoch  4
Epoch  4 Update  265 Cost  1.06801475525 PD  0.192966938019 UD  25.8707289696
Epoch  4 Update  270 Cost  1.19152107239 PD  0.283427000046 UD  25.9325680733
Epoch  4 Update  275 Cost  1.23599060059 PD  0.275310993195 UD  25.9351811409
Epoch  4 Update  280 Cost  0.973172531128 PD  0.28143286705 UD  25.9960510731
Epoch  4 Update  285 Cost  0.706653518677 PD  0.276793003082 UD  25.9421470165
Epoch  4 Update  290 Cost  0.814058990479 PD  0.276160001755 UD  25.9373521805
Epoch  4 Update  295 Cost  0.70790763855 PD  0.274881839752 UD  25.9807698727
Epoch  4 Update  300 Cost  0.878939666748 PD  0.278872966766 UD  26.0278811455
Epoch  4 Update  305 Cost  0.721473464966 PD  0.277693986893 UD  25.9009699821
Epoch  4 Update  310 Cost  0.682936477661 PD  0.277591943741 UD  25.9696309566
Epoch  4 Update  315 Cost  0.732857513428 PD  0.275616884232 UD  25.9612219334
Epoch  4 Update  320 Cost  4.0113885498 PD  0.276655912399 UD  25.9116709232
Epoch  4 Update  325 Cost  0.726797332764 PD  0.274785995483 UD  25.9351291656
Epoch  4 Update  330 Cost  1.42198379517 PD  0.201534032822 UD  25.91157794
Seen 3274 training examples
Computing predictions (This will take a while. Set the verbose flag if you want to see the progress)
Accuracy: Train 0 Valid 0.834645669291 Test 0
Saving... Done
Epoch  5
Epoch  5 Update  335 Cost  0.67272315979 PD  0.276437997818 UD  25.6407439709
Epoch  5 Update  340 Cost  0.80689491272 PD  0.244777917862 UD  25.6358869076
Epoch  5 Update  345 Cost  0.622711486816 PD  0.177536010742 UD  25.6611170769
Epoch  5 Update  350 Cost  0.703733291626 PD  0.242083072662 UD  25.6992218494
Epoch  5 Update  355 Cost  1.80155700684 PD  0.239432096481 UD  25.6689081192
Epoch  5 Update  360 Cost  0.582294807434 PD  0.242574930191 UD  25.7199931145
Epoch  5 Update  365 Cost  0.580152053833 PD  0.245828151703 UD  25.6770551205
Epoch  5 Update  370 Cost  0.673028793335 PD  0.247234106064 UD  25.6992101669
Epoch  5 Update  375 Cost  1.1808821106 PD  0.241806030273 UD  25.6576721668
Epoch  5 Update  380 Cost  0.495063896179 PD  0.262961149216 UD  25.7084240913
Epoch  5 Update  385 Cost  0.630685920715 PD  0.26845908165 UD  25.683576107
Epoch  5 Update  390 Cost  0.48904460907 PD  0.267017126083 UD  25.6867990494
Epoch  5 Update  395 Cost  0.843577575684 PD  0.275613069534 UD  25.6811470985
Seen 3274 training examples
Computing predictions (This will take a while. Set the verbose flag if you want to see the progress)
Accuracy: Train 0 Valid 0.812992125984 Test 0
bad_count: 1
Saving... Done
Epoch  6
Epoch  6 Update  400 Cost  9.0473828125 PD  0.274954080582 UD  25.69348979
Epoch  6 Update  405 Cost  0.523751831055 PD  0.274390935898 UD  25.6578328609
Epoch  6 Update  410 Cost  0.535940170288 PD  0.269229888916 UD  25.6631920338
Epoch  6 Update  415 Cost  0.568554000854 PD  0.269945144653 UD  25.6666321754
Epoch  6 Update  420 Cost  0.467929153442 PD  0.272688150406 UD  25.6877441406
Epoch  6 Update  425 Cost  0.518627281189 PD  0.273082017899 UD  25.6574389935
Epoch  6 Update  430 Cost  0.456931495667 PD  0.269005060196 UD  25.6895029545
Epoch  6 Update  435 Cost  4.78309875488 PD  0.272022008896 UD  25.7200520039
Epoch  6 Update  440 Cost  0.496299324036 PD  0.269002199173 UD  25.6892831326
Epoch  6 Update  445 Cost  0.44435749054 PD  0.266052007675 UD  25.6484479904
Epoch  6 Update  450 Cost  0.449373817444 PD  0.182070970535 UD  25.6723871231
Epoch  6 Update  455 Cost  0.541694602966 PD  0.271503925323 UD  25.6606872082
Epoch  6 Update  460 Cost  0.416207695007 PD  0.26916384697 UD  25.6721749306
Seen 3274 training examples
Computing predictions (This will take a while. Set the verbose flag if you want to see the progress)
Accuracy: Train 0 Valid 0.812992125984 Test 0
bad_count: 2
Saving... Done
Epoch  7
Epoch  7 Update  465 Cost  0.493996810913 PD  0.272351026535 UD  25.650603056
Epoch  7 Update  470 Cost  0.484169807434 PD  0.269004106522 UD  25.6649649143
Epoch  7 Update  475 Cost  2.8823526001 PD  0.275202989578 UD  25.6548271179
Epoch  7 Update  480 Cost  0.469951972961 PD  0.269499778748 UD  25.7263801098
Epoch  7 Update  485 Cost  0.438043556213 PD  0.272045850754 UD  25.6908080578
Epoch  7 Update  490 Cost  0.538764076233 PD  0.270703077316 UD  25.6790628433
Epoch  7 Update  495 Cost  4.5284777832 PD  0.269994020462 UD  25.6805400848
Epoch  7 Update  500 Cost  0.398105125427 PD  0.270421981812 UD  25.6668839455
Epoch  7 Update  505 Cost  0.425010490417 PD  0.269047021866 UD  25.6592891216
Epoch  7 Update  510 Cost  3.04582550049 PD  0.251910924911 UD  25.6866519451
Epoch  7 Update  515 Cost  0.392464141846 PD  0.268534898758 UD  25.6672642231
Epoch  7 Update  520 Cost  0.399987792969 PD  0.270606994629 UD  25.6817350388
Epoch  7 Update  525 Cost  0.409413528442 PD  0.270519971848 UD  25.6679148674
Seen 3274 training examples
Computing predictions (This will take a while. Set the verbose flag if you want to see the progress)
Accuracy: Train 0 Valid 0.824803149606 Test 0
bad_count: 3
Saving... Done
Epoch  8
Epoch  8 Update  530 Cost  0.386384887695 PD  0.267616033554 UD  25.68069911
Epoch  8 Update  535 Cost  0.387328491211 PD  0.27060508728 UD  25.6575899124
Epoch  8 Update  540 Cost  4.41174133301 PD  0.270421028137 UD  25.668033123
Epoch  8 Update  545 Cost  0.427680969238 PD  0.270411014557 UD  25.6671900749
Epoch  8 Update  550 Cost  0.39808380127 PD  0.267126083374 UD  25.6783671379
Epoch  8 Update  555 Cost  0.796232223511 PD  0.272307872772 UD  25.6626629829
Epoch  8 Update  560 Cost  0.386761131287 PD  0.271529197693 UD  25.6694440842
Epoch  8 Update  565 Cost  0.425800743103 PD  0.277456045151 UD  25.6533749104
Epoch  8 Update  570 Cost  0.353169174194 PD  0.269282102585 UD  25.7427761555
Epoch  8 Update  575 Cost  0.400215110779 PD  0.273582935333 UD  25.7030959129
Epoch  8 Update  580 Cost  0.347518234253 PD  0.271523952484 UD  25.6953291893
Epoch  8 Update  585 Cost  0.408500823975 PD  0.270961046219 UD  25.6442089081
Epoch  8 Update  590 Cost  0.397670249939 PD  0.273007154465 UD  25.7037479877
Seen 3274 training examples
Computing predictions (This will take a while. Set the verbose flag if you want to see the progress)
Accuracy: Train 0 Valid 0.830708661417 Test 0
bad_count: 4
Saving... Done
Epoch  9
Epoch  9 Update  595 Cost  0.393682441711 PD  0.297236919403 UD  25.6652369499
Epoch  9 Update  600 Cost  0.403065567017 PD  0.270834922791 UD  25.6795198917
Epoch  9 Update  605 Cost  4.0575479126 PD  0.269330024719 UD  25.6870379448
Epoch  9 Update  610 Cost  4.35459686279 PD  0.265706062317 UD  25.7138428688
Epoch  9 Update  615 Cost  0.34022190094 PD  0.270071983337 UD  25.6496059895
Epoch  9 Update  620 Cost  0.42330078125 PD  0.269253015518 UD  25.7046887875
Epoch  9 Update  625 Cost  3.17898681641 PD  0.171945095062 UD  25.6190841198
Epoch  9 Update  630 Cost  0.370724258423 PD  0.265730142593 UD  25.6772429943
Epoch  9 Update  635 Cost  0.3872706604 PD  0.271311998367 UD  25.6535069942
Epoch  9 Update  640 Cost  0.285738945007 PD  0.183191776276 UD  25.6690881252
Epoch  9 Update  645 Cost  0.329070930481 PD  0.269300937653 UD  25.6469638348
Epoch  9 Update  650 Cost  0.289850711823 PD  0.267759084702 UD  25.6834387779
Epoch  9 Update  655 Cost  0.333713340759 PD  0.272861003876 UD  25.6765758991
Epoch  9 Update  660 Cost  0.184865589142 PD  0.194810152054 UD  25.6703469753
Seen 3274 training examples
Computing predictions (This will take a while. Set the verbose flag if you want to see the progress)
Accuracy: Train 0 Valid 0.811023622047 Test 0
bad_count: 5
Saving... Done
Epoch  10
Epoch  10 Update  665 Cost  3.24553070068 PD  0.270562887192 UD  25.6704359055
Epoch  10 Update  670 Cost  0.354464950562 PD  0.267439126968 UD  25.6727449894
Epoch  10 Update  675 Cost  0.325376014709 PD  0.269068956375 UD  25.6648759842
Epoch  10 Update  680 Cost  0.292209796906 PD  0.268780946732 UD  25.689399004
Epoch  10 Update  685 Cost  0.293855800629 PD  0.274157047272 UD  25.6660699844
Epoch  10 Update  690 Cost  5.1765612793 PD  0.268295049667 UD  25.6753048897
Epoch  10 Update  695 Cost  0.31100353241 PD  0.267702817917 UD  25.668628931
Epoch  10 Update  700 Cost  0.34601234436 PD  0.273761987686 UD  25.6748228073
Epoch  10 Update  705 Cost  0.287855930328 PD  0.27240896225 UD  25.6752281189
Epoch  10 Update  710 Cost  0.341411361694 PD  0.269559860229 UD  25.6742529869
Epoch  10 Update  715 Cost  0.279111251831 PD  0.271269798279 UD  25.7223360538
Epoch  10 Update  720 Cost  0.297416038513 PD  0.270177841187 UD  25.6735091209
Epoch  10 Update  725 Cost  0.306695556641 PD  0.273039102554 UD  25.6709001064
Seen 3274 training examples
Computing predictions (This will take a while. Set the verbose flag if you want to see the progress)
Accuracy: Train 0 Valid 0.816929133858 Test 0
bad_count: 6
Saving... Done
Epoch  11
Epoch  11 Update  730 Cost  3.93172027588 PD  0.272746801376 UD  25.6719520092
Epoch  11 Update  735 Cost  0.268734474182 PD  0.270138978958 UD  25.6586139202
Epoch  11 Update  740 Cost  0.279541530609 PD  0.267175197601 UD  25.6781640053
Epoch  11 Update  745 Cost  0.303249645233 PD  0.274215936661 UD  25.6644361019
Epoch  11 Update  750 Cost  0.309155673981 PD  0.273671150208 UD  25.6847372055
Epoch  11 Update  755 Cost  0.273841362 PD  0.267735004425 UD  25.6575608253
Epoch  11 Update  760 Cost  4.98600341797 PD  0.272906064987 UD  25.6787230968
Epoch  11 Update  765 Cost  0.271809463501 PD  0.26837515831 UD  25.6634931564
Epoch  11 Update  770 Cost  0.284797134399 PD  0.267359018326 UD  25.6786110401
Epoch  11 Update  775 Cost  1.53435836792 PD  0.273134946823 UD  25.709841013
Epoch  11 Update  780 Cost  0.255065288544 PD  0.267222881317 UD  25.6790709496
Epoch  11 Update  785 Cost  0.281980018616 PD  0.271405935287 UD  25.6750659943
Epoch  11 Update  790 Cost  0.332434120178 PD  0.26823592186 UD  25.6911180019
Seen 3274 training examples
Computing predictions (This will take a while. Set the verbose flag if you want to see the progress)
Accuracy: Train 0 Valid 0.818897637795 Test 0
bad_count: 7
Saving... Done
Epoch  12
Epoch  12 Update  795 Cost  0.321483917236 PD  0.271586179733 UD  25.6722910404
Epoch  12 Update  800 Cost  0.267386779785 PD  0.18173789978 UD  25.6241118908
Epoch  12 Update  805 Cost  0.680030212402 PD  0.271587848663 UD  25.6766870022
Epoch  12 Update  810 Cost  0.2732771492 PD  0.176098108292 UD  25.6882898808
Epoch  12 Update  815 Cost  0.247187614441 PD  0.267102003098 UD  25.673032999
Epoch  12 Update  820 Cost  0.312866535187 PD  0.269083023071 UD  25.7108399868
Epoch  12 Update  825 Cost  0.263461856842 PD  0.270519971848 UD  25.6580181122
Epoch  12 Update  830 Cost  0.274608249664 PD  0.265555143356 UD  25.6655421257
Epoch  12 Update  835 Cost  0.235086708069 PD  0.269536018372 UD  25.6528000832
Epoch  12 Update  840 Cost  0.244895763397 PD  0.266145944595 UD  25.679366827
Epoch  12 Update  845 Cost  0.274612770081 PD  0.270811080933 UD  25.6778650284
Epoch  12 Update  850 Cost  0.329762496948 PD  0.274215936661 UD  25.6831781864
Epoch  12 Update  855 Cost  0.279395313263 PD  0.274034976959 UD  25.6706910133
Seen 3274 training examples
Computing predictions (This will take a while. Set the verbose flag if you want to see the progress)
Accuracy: Train 0 Valid 0.814960629921 Test 0
bad_count: 8
Saving... Done
Epoch  13
Epoch  13 Update  860 Cost  0.253597831726 PD  0.271975040436 UD  25.687721014
Epoch  13 Update  865 Cost  0.269362678528 PD  0.272436141968 UD  25.6575200558
Epoch  13 Update  870 Cost  0.243180236816 PD  0.270838975906 UD  25.7452099323
Epoch  13 Update  875 Cost  0.241677093506 PD  0.273334026337 UD  25.6668219566
Epoch  13 Update  880 Cost  5.44761474609 PD  0.244370937347 UD  25.6715869904
Epoch  13 Update  885 Cost  0.24341178894 PD  0.272941827774 UD  25.6525349617
Epoch  13 Update  890 Cost  0.242172985077 PD  0.27062702179 UD  25.6697950363
Epoch  13 Update  895 Cost  0.293114910126 PD  0.271152019501 UD  25.655287981
Epoch  13 Update  900 Cost  0.276305999756 PD  0.27064204216 UD  25.67116189
Epoch  13 Update  905 Cost  0.267980747223 PD  0.271459102631 UD  25.6711599827
Epoch  13 Update  910 Cost  0.211635112762 PD  0.26521897316 UD  25.6652560234
Epoch  13 Update  915 Cost  4.23737426758 PD  0.267185211182 UD  25.6776790619
Epoch  13 Update  920 Cost  0.242224903107 PD  0.271681785583 UD  25.6909549236
Seen 3274 training examples
Computing predictions (This will take a while. Set the verbose flag if you want to see the progress)
Accuracy: Train 0 Valid 0.824803149606 Test 0
bad_count: 9
Saving... Done
Epoch  14
Epoch  14 Update  925 Cost  7.00324951172 PD  0.290304899216 UD  25.6519880295
Epoch  14 Update  930 Cost  0.249996509552 PD  0.26961016655 UD  25.7079370022
Epoch  14 Update  935 Cost  0.267452144623 PD  0.271780014038 UD  25.6632528305
Epoch  14 Update  940 Cost  0.255131378174 PD  0.270793914795 UD  25.6762359142
Epoch  14 Update  945 Cost  0.260583152771 PD  0.272292137146 UD  25.6920790672
Epoch  14 Update  950 Cost  0.227894020081 PD  0.243974924088 UD  25.6885478497
Epoch  14 Update  955 Cost  0.225936050415 PD  0.271018981934 UD  25.6720650196
Epoch  14 Update  960 Cost  0.221779613495 PD  0.271625995636 UD  25.66802001
Epoch  14 Update  965 Cost  0.232182502747 PD  0.269280910492 UD  25.6677999496
Epoch  14 Update  970 Cost  0.210059833527 PD  0.26797914505 UD  25.6653900146
Epoch  14 Update  975 Cost  0.255670509338 PD  0.273203849792 UD  25.6537539959
Epoch  14 Update  980 Cost  0.22334728241 PD  0.266262054443 UD  25.6706569195
Epoch  14 Update  985 Cost  0.238332462311 PD  0.273046970367 UD  25.651704073
Epoch  14 Update  990 Cost  0.137866010666 PD  0.190328121185 UD  25.6707651615
Seen 3274 training examples
Computing predictions (This will take a while. Set the verbose flag if you want to see the progress)
Accuracy: Train 0 Valid 0.816929133858 Test 0
bad_count: 10
Saving... Done
Epoch  15
Epoch  15 Update  995 Cost  0.229561252594 PD  0.27108001709 UD  25.6691639423
Epoch  15 Update  1000 Cost  4.1758013916 PD  0.270694971085 UD  25.6835999489
Epoch  15 Update  1005 Cost  0.247677898407 PD  0.272525072098 UD  25.6555111408
Epoch  15 Update  1010 Cost  0.224333324432 PD  0.265771865845 UD  25.670789957
Epoch  15 Update  1015 Cost  0.229849948883 PD  0.271607160568 UD  25.6748011112
Epoch  15 Update  1020 Cost  0.224182758331 PD  0.272347211838 UD  25.6692919731
Epoch  15 Update  1025 Cost  0.221280784607 PD  0.270435094833 UD  25.6698200703
Epoch  15 Update  1030 Cost  4.53250518799 PD  0.27028298378 UD  25.6777501106
Epoch  15 Update  1035 Cost  0.214765224457 PD  0.272767066956 UD  25.6933510303
Epoch  15 Update  1040 Cost  0.222535591125 PD  0.268085002899 UD  25.6587679386
Epoch  15 Update  1045 Cost  0.198017749786 PD  0.269695997238 UD  25.6698021889
Epoch  15 Update  1050 Cost  0.214467506409 PD  0.266716003418 UD  25.6936941147
Epoch  15 Update  1055 Cost  0.225650520325 PD  0.273453950882 UD  25.6755979061
Seen 3274 training examples
Computing predictions (This will take a while. Set the verbose flag if you want to see the progress)
Accuracy: Train 0 Valid 0.816929133858 Test 0
bad_count: 11
Computing predictions (This will take a while. Set the verbose flag if you want to see the progress)
Accuracy: Train 0 Valid 0.834645669291 Test 0
{'dataset': 'ucf11', 'optimizer': 'adam', 'alpha_c': 0.0, 'dictionary': None, 'batch_size': 50, 'decay_c': 0.0001, 'patience': 10, 'n_layers_init': 1, 'lrate': 0.001, 'dim_out': 1024, 'max_epochs': 100, 'dispFreq': 5, 'selector': False, 'ctx2out': True, 'n_actions': 11, 'temperature_inverse': 1, 'dim': 1024, 'use_dropout': True, 'testing_stride': 10, 'n_layers_out': 1, 'n_layers_att': 1, 'maxlen': 20, 'saveto': 'model_ucf11.npz', 'saveFreq': 100, 'fps': 30, 'ctx_dim': 1024, 'valid_batch_size': 50, 'reload_': False, 'training_stride': 10, 'validFreq': 100, 'last_n': 20}
